Determining if the pthread_create exist failed with the following output:
Change Dir: /home/daruis1/repos/minesweepersbot/move_basic/build/catkin_tools_prebuild/CMakeFiles/CMakeTmp

Run Build Command:"/usr/bin/make" "cmTC_38b61/fast"
/usr/bin/make -f CMakeFiles/cmTC_38b61.dir/build.make CMakeFiles/cmTC_38b61.dir/build
make[1]: Entering directory '/home/daruis1/repos/minesweepersbot/move_basic/build/catkin_tools_prebuild/CMakeFiles/CMakeTmp'
Building C object CMakeFiles/cmTC_38b61.dir/CheckSymbolExists.c.o
/usr/bin/cc    -o CMakeFiles/cmTC_38b61.dir/CheckSymbolExists.c.o   -c /home/daruis1/repos/minesweepersbot/move_basic/build/catkin_tools_prebuild/CMakeFiles/CMakeTmp/CheckSymbolExists.c
Linking C executable cmTC_38b61
/usr/bin/cmake -E cmake_link_script CMakeFiles/cmTC_38b61.dir/link.txt --verbose=1
/usr/bin/cc      -rdynamic CMakeFiles/cmTC_38b61.dir/CheckSymbolExists.c.o  -o cmTC_38b61 
CMakeFiles/cmTC_38b61.dir/CheckSymbolExists.c.o: In function `main':
CheckSymbolExists.c:(.text+0x1b): undefined reference to `pthread_create'
collect2: error: ld returned 1 exit status
CMakeFiles/cmTC_38b61.dir/build.make:97: recipe for target 'cmTC_38b61' failed
make[1]: *** [cmTC_38b61] Error 1
make[1]: Leaving directory '/home/daruis1/repos/minesweepersbot/move_basic/build/catkin_tools_prebuild/CMakeFiles/CMakeTmp'
Makefile:126: recipe for target 'cmTC_38b61/fast' failed
make: *** [cmTC_38b61/fast] Error 2

File /home/daruis1/repos/minesweepersbot/move_basic/build/catkin_tools_prebuild/CMakeFiles/CMakeTmp/CheckSymbolExists.c:
/* */
#include <pthread.h>

int main(int argc, char** argv)
{
  (void)argv;
#ifndef pthread_create
  return ((int*)(&pthread_create))[argc];
#else
  (void)argc;
  return 0;
#endif
}

Determining if the function pthread_create exists in the pthreads failed with the following output:
Change Dir: /home/daruis1/repos/minesweepersbot/move_basic/build/catkin_tools_prebuild/CMakeFiles/CMakeTmp

Run Build Command:"/usr/bin/make" "cmTC_c07dd/fast"
/usr/bin/make -f CMakeFiles/cmTC_c07dd.dir/build.make CMakeFiles/cmTC_c07dd.dir/build
make[1]: Entering directory '/home/daruis1/repos/minesweepersbot/move_basic/build/catkin_tools_prebuild/CMakeFiles/CMakeTmp'
Building C object CMakeFiles/cmTC_c07dd.dir/CheckFunctionExists.c.o
/usr/bin/cc   -DCHECK_FUNCTION_EXISTS=pthread_create   -o CMakeFiles/cmTC_c07dd.dir/CheckFunctionExists.c.o   -c /usr/share/cmake-3.10/Modules/CheckFunctionExists.c
Linking C executable cmTC_c07dd
/usr/bin/cmake -E cmake_link_script CMakeFiles/cmTC_c07dd.dir/link.txt --verbose=1
/usr/bin/cc  -DCHECK_FUNCTION_EXISTS=pthread_create    -rdynamic CMakeFiles/cmTC_c07dd.dir/CheckFunctionExists.c.o  -o cmTC_c07dd -lpthreads 
/usr/bin/ld: cannot find -lpthreads
collect2: error: ld returned 1 exit status
CMakeFiles/cmTC_c07dd.dir/build.make:97: recipe for target 'cmTC_c07dd' failed
make[1]: *** [cmTC_c07dd] Error 1
make[1]: Leaving directory '/home/daruis1/repos/minesweepersbot/move_basic/build/catkin_tools_prebuild/CMakeFiles/CMakeTmp'
Makefile:126: recipe for target 'cmTC_c07dd/fast' failed
make: *** [cmTC_c07dd/fast] Error 2


