Determining if the pthread_create exist failed with the following output:
Change Dir: /home/daruis1/repos/minesweepersbot/ros_arduino_bridge/ros_arduino_python/build/catkin_tools_prebuild/CMakeFiles/CMakeTmp

Run Build Command:"/usr/bin/make" "cmTC_00131/fast"
/usr/bin/make -f CMakeFiles/cmTC_00131.dir/build.make CMakeFiles/cmTC_00131.dir/build
make[1]: Entering directory '/home/daruis1/repos/minesweepersbot/ros_arduino_bridge/ros_arduino_python/build/catkin_tools_prebuild/CMakeFiles/CMakeTmp'
Building C object CMakeFiles/cmTC_00131.dir/CheckSymbolExists.c.o
/usr/bin/cc    -o CMakeFiles/cmTC_00131.dir/CheckSymbolExists.c.o   -c /home/daruis1/repos/minesweepersbot/ros_arduino_bridge/ros_arduino_python/build/catkin_tools_prebuild/CMakeFiles/CMakeTmp/CheckSymbolExists.c
Linking C executable cmTC_00131
/usr/bin/cmake -E cmake_link_script CMakeFiles/cmTC_00131.dir/link.txt --verbose=1
/usr/bin/cc      -rdynamic CMakeFiles/cmTC_00131.dir/CheckSymbolExists.c.o  -o cmTC_00131 
CMakeFiles/cmTC_00131.dir/CheckSymbolExists.c.o: In function `main':
CheckSymbolExists.c:(.text+0x1b): undefined reference to `pthread_create'
collect2: error: ld returned 1 exit status
CMakeFiles/cmTC_00131.dir/build.make:97: recipe for target 'cmTC_00131' failed
make[1]: *** [cmTC_00131] Error 1
make[1]: Leaving directory '/home/daruis1/repos/minesweepersbot/ros_arduino_bridge/ros_arduino_python/build/catkin_tools_prebuild/CMakeFiles/CMakeTmp'
Makefile:126: recipe for target 'cmTC_00131/fast' failed
make: *** [cmTC_00131/fast] Error 2

File /home/daruis1/repos/minesweepersbot/ros_arduino_bridge/ros_arduino_python/build/catkin_tools_prebuild/CMakeFiles/CMakeTmp/CheckSymbolExists.c:
/* */
#include <pthread.h>

int main(int argc, char** argv)
{
  (void)argv;
#ifndef pthread_create
  return ((int*)(&pthread_create))[argc];
#else
  (void)argc;
  return 0;
#endif
}

Determining if the function pthread_create exists in the pthreads failed with the following output:
Change Dir: /home/daruis1/repos/minesweepersbot/ros_arduino_bridge/ros_arduino_python/build/catkin_tools_prebuild/CMakeFiles/CMakeTmp

Run Build Command:"/usr/bin/make" "cmTC_a8dc7/fast"
/usr/bin/make -f CMakeFiles/cmTC_a8dc7.dir/build.make CMakeFiles/cmTC_a8dc7.dir/build
make[1]: Entering directory '/home/daruis1/repos/minesweepersbot/ros_arduino_bridge/ros_arduino_python/build/catkin_tools_prebuild/CMakeFiles/CMakeTmp'
Building C object CMakeFiles/cmTC_a8dc7.dir/CheckFunctionExists.c.o
/usr/bin/cc   -DCHECK_FUNCTION_EXISTS=pthread_create   -o CMakeFiles/cmTC_a8dc7.dir/CheckFunctionExists.c.o   -c /usr/share/cmake-3.10/Modules/CheckFunctionExists.c
Linking C executable cmTC_a8dc7
/usr/bin/cmake -E cmake_link_script CMakeFiles/cmTC_a8dc7.dir/link.txt --verbose=1
/usr/bin/cc  -DCHECK_FUNCTION_EXISTS=pthread_create    -rdynamic CMakeFiles/cmTC_a8dc7.dir/CheckFunctionExists.c.o  -o cmTC_a8dc7 -lpthreads 
/usr/bin/ld: cannot find -lpthreads
collect2: error: ld returned 1 exit status
CMakeFiles/cmTC_a8dc7.dir/build.make:97: recipe for target 'cmTC_a8dc7' failed
make[1]: *** [cmTC_a8dc7] Error 1
make[1]: Leaving directory '/home/daruis1/repos/minesweepersbot/ros_arduino_bridge/ros_arduino_python/build/catkin_tools_prebuild/CMakeFiles/CMakeTmp'
Makefile:126: recipe for target 'cmTC_a8dc7/fast' failed
make: *** [cmTC_a8dc7/fast] Error 2


